Loading plugins phase: Elapsed time ==> 0s.167ms
<CYPRESSTAG name="CyDsfit arguments...">
cydsfit arguments: -.fdsnotice -.fdswarpdepfile=warp_dependencies.txt -.fdselabdepfile=elab_dependencies.txt -.fdsbldfile=generated_files.txt -.fdsreffile=referenced_files.txt -p C:\Users\janusdg-win\UCU\POC\LABs_Sensors\Design02_mine.cydsn\Design02_mine.cyprj -d CY8C4248LQI-BL583 -s C:\Users\janusdg-win\UCU\POC\LABs_Sensors\Design02_mine.cydsn\Generated_Source\PSoC4 -- -yv2 -q10 -ygs -o2 -v3 -.fftcfgtype=LE
</CYPRESSTAG>
<CYPRESSTAG name="Design elaboration results...">
</CYPRESSTAG>
Elaboration phase: Elapsed time ==> 2s.331ms
<CYPRESSTAG name="HDL generation results...">
</CYPRESSTAG>
HDL generation phase: Elapsed time ==> 0s.114ms
<CYPRESSTAG name="Synthesis results...">

     | | | | | | |
   _________________
  -|               |-
  -|               |-
  -|               |-
  -|    CYPRESS    |-
  -|               |-
  -|               |-   Warp Verilog Synthesis Compiler: Version 6.3 IR 41
  -|               |-   Copyright (C) 1991-2001 Cypress Semiconductor
   |_______________|
     | | | | | | |

======================================================================
Compiling:  Design02_mine.v
Program  :   C:\Program Files (x86)\Cypress\PSoC Creator\4.2\PSoC Creator\warp\bin\warp.exe
Options  :    -yv2 -q10 -ygs -o2 -v3 -.fftcfgtype=LE -ya -.fftprj=C:\Users\janusdg-win\UCU\POC\LABs_Sensors\Design02_mine.cydsn\Design02_mine.cyprj -dcpsoc3 Design02_mine.v -verilog
======================================================================

======================================================================
Compiling:  Design02_mine.v
Program  :   C:\Program Files (x86)\Cypress\PSoC Creator\4.2\PSoC Creator\warp\bin\warp.exe
Options  :    -yv2 -q10 -ygs -o2 -v3 -.fftcfgtype=LE -ya -.fftprj=C:\Users\janusdg-win\UCU\POC\LABs_Sensors\Design02_mine.cydsn\Design02_mine.cyprj -dcpsoc3 Design02_mine.v -verilog
======================================================================

======================================================================
Compiling:  Design02_mine.v
Program  :   vlogfe
Options  :    -yv2 -q10 -ygs -o2 -v3 -.fftcfgtype=LE -ya -.fftprj=C:\Users\janusdg-win\UCU\POC\LABs_Sensors\Design02_mine.cydsn\Design02_mine.cyprj -dcpsoc3 -verilog Design02_mine.v
======================================================================

vlogfe V6.3 IR 41:  Verilog parser
Sat Nov 28 21:13:12 2020


======================================================================
Compiling:  Design02_mine.v
Program  :   vpp
Options  :    -yv2 -q10 Design02_mine.v
======================================================================

vpp V6.3 IR 41:  Verilog Pre-Processor
Sat Nov 28 21:13:12 2020

Flattening file 'C:\Program Files (x86)\Cypress\PSoC Creator\4.2\PSoC Creator\psoc\content\CyPrimitives\cyprimitives.cylib\cy_virtualmux_v1_0\cy_virtualmux_v1_0.v'
Flattening file 'C:\Program Files (x86)\Cypress\PSoC Creator\4.2\PSoC Creator\psoc\content\CyPrimitives\cyprimitives.cylib\ZeroTerminal\ZeroTerminal.v'
Flattening file 'C:\Program Files (x86)\Cypress\PSoC Creator\4.2\PSoC Creator\psoc\content\CyPrimitives\cyprimitives.cylib\or_v1_0\or_v1_0.v'
Flattening file 'C:\Program Files (x86)\Cypress\PSoC Creator\4.2\PSoC Creator\psoc\content\CyPrimitives\cyprimitives.cylib\cy_analog_virtualmux_v1_0\cy_analog_virtualmux_v1_0.v'
Flattening file 'C:\Program Files (x86)\Cypress\PSoC Creator\4.2\PSoC Creator\psoc\content\CyComponentLibrary\CyComponentLibrary.cylib\Bus_Connect_v2_50\Bus_Connect_v2_50.v'
Flattening file 'C:\Program Files (x86)\Cypress\PSoC Creator\4.2\PSoC Creator\warp\lib\common\cypress.v'
Flattening file 'C:\Program Files (x86)\Cypress\PSoC Creator\4.2\PSoC Creator\warp\lib\common\cy_psoc3_inc.v'

vpp:  No errors.

Library 'work' => directory 'lcpsoc3'
General_symbol_table
General_symbol_table
Linking 'C:\Program Files (x86)\Cypress\PSoC Creator\4.2\PSoC Creator\warp\lib\common\std.vhd'.
Linking 'C:\Program Files (x86)\Cypress\PSoC Creator\4.2\PSoC Creator\warp\lib\common\cypress.vhd'.
Linking 'C:\Program Files (x86)\Cypress\PSoC Creator\4.2\PSoC Creator\warp\lib\common\work\cypress.vif'.
Linking 'C:\Program Files (x86)\Cypress\PSoC Creator\4.2\PSoC Creator\warp\lib\ieee\work\stdlogic.vif'.
Linking 'C:\Program Files (x86)\Cypress\PSoC Creator\4.2\PSoC Creator\warp\lib\common\stdlogic\lpmpkg.vif'.
Linking 'C:\Program Files (x86)\Cypress\PSoC Creator\4.2\PSoC Creator\warp\lib\common\stdlogic\rtlpkg.vif'.
Linking 'C:\Program Files (x86)\Cypress\PSoC Creator\4.2\PSoC Creator\warp\lib\common\stdlogic\mod_cnst.vif'.
Linking 'C:\Program Files (x86)\Cypress\PSoC Creator\4.2\PSoC Creator\warp\lib\common\stdlogic\mod_mthv.vif'.
Linking 'C:\Program Files (x86)\Cypress\PSoC Creator\4.2\PSoC Creator\warp\lib\common\stdlogic\mod_genv.vif'.
Using control file 'Design02_mine.ctl'.

vlogfe:  No errors.


======================================================================
Compiling:  Design02_mine.v
Program  :   tovif
Options  :    -yv2 -q10 -ygs -o2 -v3 -.fftcfgtype=LE -ya -.fftprj=C:\Users\janusdg-win\UCU\POC\LABs_Sensors\Design02_mine.cydsn\Design02_mine.cyprj -dcpsoc3 -verilog Design02_mine.v
======================================================================

tovif V6.3 IR 41:  High-level synthesis
Sat Nov 28 21:13:13 2020

Linking 'C:\Program Files (x86)\Cypress\PSoC Creator\4.2\PSoC Creator\warp\lib\common\std.vhd'.
Linking 'C:\Program Files (x86)\Cypress\PSoC Creator\4.2\PSoC Creator\warp\lib\common\cypress.vhd'.
Linking 'C:\Program Files (x86)\Cypress\PSoC Creator\4.2\PSoC Creator\warp\lib\common\work\cypress.vif'.
Linking 'C:\Program Files (x86)\Cypress\PSoC Creator\4.2\PSoC Creator\warp\lib\ieee\work\stdlogic.vif'.
Linking 'C:\Program Files (x86)\Cypress\PSoC Creator\4.2\PSoC Creator\warp\lib\common\stdlogic\lpmpkg.vif'.
Linking 'C:\Program Files (x86)\Cypress\PSoC Creator\4.2\PSoC Creator\warp\lib\common\stdlogic\rtlpkg.vif'.
Linking 'C:\Program Files (x86)\Cypress\PSoC Creator\4.2\PSoC Creator\warp\lib\common\stdlogic\mod_cnst.vif'.
Linking 'C:\Program Files (x86)\Cypress\PSoC Creator\4.2\PSoC Creator\warp\lib\common\stdlogic\mod_mthv.vif'.
Linking 'C:\Program Files (x86)\Cypress\PSoC Creator\4.2\PSoC Creator\warp\lib\common\stdlogic\mod_genv.vif'.
Linking 'C:\Users\janusdg-win\UCU\POC\LABs_Sensors\Design02_mine.cydsn\codegentemp\Design02_mine.ctl'.
Linking 'C:\Program Files (x86)\Cypress\PSoC Creator\4.2\PSoC Creator\psoc\content\CyPrimitives\cyprimitives.cylib\cy_virtualmux_v1_0\cy_virtualmux_v1_0.v'.
Linking 'C:\Users\janusdg-win\UCU\POC\LABs_Sensors\Design02_mine.cydsn\codegentemp\Design02_mine.v'.
Linking 'C:\Program Files (x86)\Cypress\PSoC Creator\4.2\PSoC Creator\psoc\content\CyPrimitives\cyprimitives.cylib\ZeroTerminal\ZeroTerminal.v'.
Linking 'C:\Program Files (x86)\Cypress\PSoC Creator\4.2\PSoC Creator\psoc\content\CyPrimitives\cyprimitives.cylib\or_v1_0\or_v1_0.v'.
Linking 'C:\Program Files (x86)\Cypress\PSoC Creator\4.2\PSoC Creator\psoc\content\CyPrimitives\cyprimitives.cylib\cy_analog_virtualmux_v1_0\cy_analog_virtualmux_v1_0.v'.
Linking 'C:\Program Files (x86)\Cypress\PSoC Creator\4.2\PSoC Creator\psoc\content\CyComponentLibrary\CyComponentLibrary.cylib\Bus_Connect_v2_50\Bus_Connect_v2_50.v'.
Linking 'C:\Program Files (x86)\Cypress\PSoC Creator\4.2\PSoC Creator\warp\lib\common\cypress.v'.
Linking 'C:\Program Files (x86)\Cypress\PSoC Creator\4.2\PSoC Creator\warp\lib\common\cy_psoc3_inc.v'.

tovif:  No errors.


======================================================================
Compiling:  Design02_mine.v
Program  :   topld
Options  :    -yv2 -q10 -ygs -o2 -v3 -.fftcfgtype=LE -ya -.fftprj=C:\Users\janusdg-win\UCU\POC\LABs_Sensors\Design02_mine.cydsn\Design02_mine.cyprj -dcpsoc3 -verilog Design02_mine.v
======================================================================

topld V6.3 IR 41:  Synthesis and optimization
Sat Nov 28 21:13:13 2020

Linking 'C:\Program Files (x86)\Cypress\PSoC Creator\4.2\PSoC Creator\warp\lib\common\std.vhd'.
Linking 'C:\Program Files (x86)\Cypress\PSoC Creator\4.2\PSoC Creator\warp\lib\common\cypress.vhd'.
Linking 'C:\Program Files (x86)\Cypress\PSoC Creator\4.2\PSoC Creator\warp\lib\common\work\cypress.vif'.
Linking 'C:\Program Files (x86)\Cypress\PSoC Creator\4.2\PSoC Creator\warp\lib\ieee\work\stdlogic.vif'.
Linking 'C:\Program Files (x86)\Cypress\PSoC Creator\4.2\PSoC Creator\warp\lib\common\stdlogic\lpmpkg.vif'.
Linking 'C:\Program Files (x86)\Cypress\PSoC Creator\4.2\PSoC Creator\warp\lib\common\stdlogic\rtlpkg.vif'.
Linking 'C:\Program Files (x86)\Cypress\PSoC Creator\4.2\PSoC Creator\warp\lib\common\stdlogic\mod_cnst.vif'.
Linking 'C:\Program Files (x86)\Cypress\PSoC Creator\4.2\PSoC Creator\warp\lib\common\stdlogic\mod_mthv.vif'.
Linking 'C:\Program Files (x86)\Cypress\PSoC Creator\4.2\PSoC Creator\warp\lib\common\stdlogic\mod_genv.vif'.
Linking 'C:\Users\janusdg-win\UCU\POC\LABs_Sensors\Design02_mine.cydsn\codegentemp\Design02_mine.ctl'.
Linking 'C:\Program Files (x86)\Cypress\PSoC Creator\4.2\PSoC Creator\psoc\content\CyPrimitives\cyprimitives.cylib\cy_virtualmux_v1_0\cy_virtualmux_v1_0.v'.
Linking 'C:\Users\janusdg-win\UCU\POC\LABs_Sensors\Design02_mine.cydsn\codegentemp\Design02_mine.v'.
Linking 'C:\Program Files (x86)\Cypress\PSoC Creator\4.2\PSoC Creator\psoc\content\CyPrimitives\cyprimitives.cylib\ZeroTerminal\ZeroTerminal.v'.
Linking 'C:\Program Files (x86)\Cypress\PSoC Creator\4.2\PSoC Creator\psoc\content\CyPrimitives\cyprimitives.cylib\or_v1_0\or_v1_0.v'.
Linking 'C:\Program Files (x86)\Cypress\PSoC Creator\4.2\PSoC Creator\psoc\content\CyPrimitives\cyprimitives.cylib\cy_analog_virtualmux_v1_0\cy_analog_virtualmux_v1_0.v'.
Linking 'C:\Program Files (x86)\Cypress\PSoC Creator\4.2\PSoC Creator\psoc\content\CyComponentLibrary\CyComponentLibrary.cylib\Bus_Connect_v2_50\Bus_Connect_v2_50.v'.
Linking 'C:\Program Files (x86)\Cypress\PSoC Creator\4.2\PSoC Creator\warp\lib\common\cypress.v'.
Linking 'C:\Program Files (x86)\Cypress\PSoC Creator\4.2\PSoC Creator\warp\lib\common\cy_psoc3_inc.v'.
Linking 'C:\Program Files (x86)\Cypress\PSoC Creator\4.2\PSoC Creator\warp\lib\lcpsoc3\stdlogic\cpsoc3.vif'.

----------------------------------------------------------
Detecting unused logic.
----------------------------------------------------------
    User names
	\ADC_SAR_Seq:Net_3125\
	\ADC_SAR_Seq:Net_3126\
	\UART:Net_1257\
	\UART:uncfg_rx_irq\
	\UART:Net_1099\
	\UART:Net_1258\
	Net_91
	Net_100
	Net_101
	Net_102
	Net_103
	Net_104
	Net_105
	Net_106
	Net_108
	Net_111


Deleted 16 User equations/components.
Deleted 0 Synthesized equations/components.

------------------------------------------------------
Alias Detection
------------------------------------------------------
Aliasing \FrequencyCounter:Net_82\ to \FrequencyCounter:Net_66\
Aliasing \FrequencyCounter:Net_72\ to \FrequencyCounter:Net_66\
Aliasing \PWM_1sWindow:Net_75\ to \FrequencyCounter:Net_66\
Aliasing \PWM_1sWindow:Net_66\ to \FrequencyCounter:Net_66\
Aliasing \PWM_1sWindow:Net_82\ to \FrequencyCounter:Net_66\
Aliasing \PWM_1sWindow:Net_72\ to \FrequencyCounter:Net_66\
Aliasing \ADC_SAR_Seq:Net_3107\ to \FrequencyCounter:Net_66\
Aliasing \ADC_SAR_Seq:Net_3106\ to \FrequencyCounter:Net_66\
Aliasing \ADC_SAR_Seq:Net_3105\ to \FrequencyCounter:Net_66\
Aliasing \ADC_SAR_Seq:Net_3104\ to \FrequencyCounter:Net_66\
Aliasing \ADC_SAR_Seq:Net_3103\ to \FrequencyCounter:Net_66\
Aliasing \ADC_SAR_Seq:Net_3207_1\ to \FrequencyCounter:Net_66\
Aliasing \ADC_SAR_Seq:Net_3207_0\ to \FrequencyCounter:Net_66\
Aliasing \ADC_SAR_Seq:Net_3235\ to \FrequencyCounter:Net_66\
Aliasing \UART:select_s_wire\ to \FrequencyCounter:Net_66\
Aliasing \UART:sclk_s_wire\ to \FrequencyCounter:Net_66\
Aliasing \UART:mosi_s_wire\ to \FrequencyCounter:Net_66\
Aliasing \UART:miso_m_wire\ to \FrequencyCounter:Net_66\
Aliasing \UART:tmpOE__tx_net_0\ to \PWM_1sWindow:Net_69\
Aliasing zero to \FrequencyCounter:Net_66\
Aliasing one to \PWM_1sWindow:Net_69\
Aliasing \UART:tmpOE__rx_net_0\ to \PWM_1sWindow:Net_69\
Aliasing \UART:cts_wire\ to \FrequencyCounter:Net_66\
Aliasing tmpOE__Pin_Freq_net_0 to \PWM_1sWindow:Net_69\
Aliasing tmpOE__Pin_1sWindow_net_0 to \PWM_1sWindow:Net_69\
Aliasing tmpOE__Pin_AIn_p_net_0 to \PWM_1sWindow:Net_69\
Removing Lhs of wire \FrequencyCounter:Net_81\[1] = Net_12[15]
Removing Lhs of wire \FrequencyCounter:Net_75\[2] = Net_5[14]
Removing Lhs of wire \FrequencyCounter:Net_69\[3] = Net_4[13]
Removing Lhs of wire \FrequencyCounter:Net_82\[5] = \FrequencyCounter:Net_66\[4]
Removing Lhs of wire \FrequencyCounter:Net_72\[6] = \FrequencyCounter:Net_66\[4]
Removing Lhs of wire \PWM_1sWindow:Net_81\[17] = Net_24[28]
Removing Lhs of wire \PWM_1sWindow:Net_75\[18] = \FrequencyCounter:Net_66\[4]
Removing Lhs of wire \PWM_1sWindow:Net_66\[20] = \FrequencyCounter:Net_66\[4]
Removing Lhs of wire \PWM_1sWindow:Net_82\[21] = \FrequencyCounter:Net_66\[4]
Removing Lhs of wire \PWM_1sWindow:Net_72\[22] = \FrequencyCounter:Net_66\[4]
Removing Lhs of wire \ADC_SAR_Seq:Net_3107\[102] = \FrequencyCounter:Net_66\[4]
Removing Lhs of wire \ADC_SAR_Seq:Net_3106\[103] = \FrequencyCounter:Net_66\[4]
Removing Lhs of wire \ADC_SAR_Seq:Net_3105\[104] = \FrequencyCounter:Net_66\[4]
Removing Lhs of wire \ADC_SAR_Seq:Net_3104\[105] = \FrequencyCounter:Net_66\[4]
Removing Lhs of wire \ADC_SAR_Seq:Net_3103\[106] = \FrequencyCounter:Net_66\[4]
Removing Lhs of wire \ADC_SAR_Seq:Net_17\[148] = \ADC_SAR_Seq:Net_1845\[33]
Removing Lhs of wire \ADC_SAR_Seq:Net_3207_1\[169] = \FrequencyCounter:Net_66\[4]
Removing Lhs of wire \ADC_SAR_Seq:Net_3207_0\[170] = \FrequencyCounter:Net_66\[4]
Removing Lhs of wire \ADC_SAR_Seq:Net_3235\[171] = \FrequencyCounter:Net_66\[4]
Removing Lhs of wire \UART:select_s_wire\[241] = \FrequencyCounter:Net_66\[4]
Removing Rhs of wire \UART:rx_wire\[242] = \UART:Net_1268\[243]
Removing Lhs of wire \UART:Net_1170\[246] = \UART:Net_847\[240]
Removing Lhs of wire \UART:sclk_s_wire\[247] = \FrequencyCounter:Net_66\[4]
Removing Lhs of wire \UART:mosi_s_wire\[248] = \FrequencyCounter:Net_66\[4]
Removing Lhs of wire \UART:miso_m_wire\[249] = \FrequencyCounter:Net_66\[4]
Removing Lhs of wire \UART:tmpOE__tx_net_0\[251] = \PWM_1sWindow:Net_69\[19]
Removing Rhs of wire zero[256] = \FrequencyCounter:Net_66\[4]
Removing Rhs of wire one[257] = \PWM_1sWindow:Net_69\[19]
Removing Lhs of wire \UART:tmpOE__rx_net_0\[262] = one[257]
Removing Lhs of wire \UART:cts_wire\[266] = zero[256]
Removing Lhs of wire tmpOE__Pin_Freq_net_0[294] = one[257]
Removing Lhs of wire tmpOE__Pin_1sWindow_net_0[300] = one[257]
Removing Lhs of wire tmpOE__Pin_AIn_p_net_0[306] = one[257]

------------------------------------------------------
Aliased 0 equations, 33 wires.
------------------------------------------------------

----------------------------------------------------------
Circuit simplification
----------------------------------------------------------

Substituting virtuals - pass 1:


----------------------------------------------------------
Circuit simplification results:

	Expanded 0 signals.
	Turned 0 signals into soft nodes.
	Maximum default expansion cost was set at 3.
----------------------------------------------------------

topld:  No errors.

CYPRESS_DIR    : C:\Program Files (x86)\Cypress\PSoC Creator\4.2\PSoC Creator\warp
Warp Program   : C:\Program Files (x86)\Cypress\PSoC Creator\4.2\PSoC Creator\warp\bin\warp.exe
Warp Arguments : -yv2 -q10 -ygs -o2 -v3 -.fftcfgtype=LE -ya -.fftprj=C:\Users\janusdg-win\UCU\POC\LABs_Sensors\Design02_mine.cydsn\Design02_mine.cyprj -dcpsoc3 Design02_mine.v -verilog
</CYPRESSTAG>
Warp synthesis phase: Elapsed time ==> 0s.905ms
<CYPRESSTAG name="Fitter results...">
<CYPRESSTAG name="Fitter startup details...">
cyp3fit: V4.2.0.641, Family: PSoC3, Started at: Saturday, 28 November 2020 21:13:13
Options: -yv2 -q10 -ygs -o2 -v3 -.fftcfgtype=LE -ya -.fftprj=C:\Users\janusdg-win\UCU\POC\LABs_Sensors\Design02_mine.cydsn\Design02_mine.cyprj -d CY8C4248LQI-BL583 Design02_mine.v -verilog
</CYPRESSTAG>
<CYPRESSTAG name="Design parsing">
Design parsing phase: Elapsed time ==> 0s.013ms
</CYPRESSTAG>
<CYPRESSTAG name="Tech Mapping">
<CYPRESSTAG name="Initial Mapping" icon="FILE_RPT_TECHM">

Removing unused cells resulting from optimization
Done removing unused cells.
<CYPRESSTAG name="Global Clock Selection" icon="FILE_RPT_TECHM">
    Fixed Function Clock 7: Automatic-assigning  clock 'Clock_Counter'. Signal=Net_12_ff7
    Fixed Function Clock 1: Automatic-assigning  clock 'UART_SCBCLK'. Signal=\UART:Net_847_ff1\
    Fixed Function Clock 6: Automatic-assigning  clock 'ADC_SAR_Seq_intClock'. Signal=\ADC_SAR_Seq:Net_1845_ff6\
    Fixed Function Clock 8: Automatic-assigning  clock 'Clock_1kHz'. Signal=Net_24_ff8
<CYPRESSTAG name="UDB Clock/Enable Remapping Results">
</CYPRESSTAG>
</CYPRESSTAG>
ADD: pft.M0040: information: The following 1 pin(s) will be assigned a location by the fitter: Pin_AIn_p(0)


Removing unused cells resulting from optimization
Done removing unused cells.
<CYPRESSTAG name="Duplicate Macrocell detection">
</CYPRESSTAG>
</CYPRESSTAG>
<CYPRESSTAG name="Duplicate Macrocell detection">
</CYPRESSTAG>
<CYPRESSTAG name="Design Equations" icon="FILE_RPT_EQUATION">

------------------------------------------------------------
Design Equations
------------------------------------------------------------
    <CYPRESSTAG name="Pin listing">

    ------------------------------------------------------------
    Pin listing
    ------------------------------------------------------------

    Pin : Name = \UART:tx(0)\
        Attributes:
            In Group/Port: True
            In Sync Option: NOSYNC
            Out Sync Option: NOSYNC
            Interrupt generated: False
            Interrupt mode: NONE
            Drive mode: CMOS_OUT
            VTrip: CMOS
            Slew: FAST
            Input Sync needed: False
            Output Sync needed: False
            SC shield enabled: False
            POR State: ANY
            LCD Mode: COMMON
            Register Mode: RegComb
            CaSense Mode: NEITHER
            Treat as pin: True
            Is OE Registered: False
            Uses Analog: False
            Can contain Digital: True
            Is SIO: False
            SIO Output Buf: NONREGULATED
            SIO Input Buf: SINGLE_ENDED
            SIO HiFreq: LOW
            SIO Hyst: DISABLED
            SIO Vtrip: MULTIPLIER_0_5
            SIO Multiplier Index: 0
            SIO RefSel: VCC_IO
            Required Capabilities: DIGITAL
            Initial Value: 1
            IO Voltage: 0
        PORT MAP (
            pa_out => \UART:tx(0)\__PA ,
            pin_input => \UART:tx_wire\ ,
            pad => \UART:tx(0)_PAD\ );
        Properties:
        {
        }

    Pin : Name = \UART:rx(0)\
        Attributes:
            In Group/Port: True
            In Sync Option: NOSYNC
            Out Sync Option: AUTO
            Interrupt generated: False
            Interrupt mode: NONE
            Drive mode: HI_Z_DIGITAL
            VTrip: CMOS
            Slew: FAST
            Input Sync needed: False
            Output Sync needed: False
            SC shield enabled: False
            POR State: ANY
            LCD Mode: COMMON
            Register Mode: RegComb
            CaSense Mode: NEITHER
            Treat as pin: True
            Is OE Registered: False
            Uses Analog: False
            Can contain Digital: True
            Is SIO: False
            SIO Output Buf: NONREGULATED
            SIO Input Buf: SINGLE_ENDED
            SIO HiFreq: LOW
            SIO Hyst: DISABLED
            SIO Vtrip: MULTIPLIER_0_5
            SIO Multiplier Index: 0
            SIO RefSel: VCC_IO
            Required Capabilities: DIGITAL
            Initial Value: 0
            IO Voltage: 0
        PORT MAP (
            pa_out => \UART:rx(0)\__PA ,
            fb => \UART:rx_wire\ ,
            pad => \UART:rx(0)_PAD\ );
        Properties:
        {
        }

    Pin : Name = Pin_Freq(0)
        Attributes:
            In Group/Port: True
            In Sync Option: AUTO
            Out Sync Option: NOSYNC
            Interrupt generated: False
            Interrupt mode: NONE
            Drive mode: CMOS_OUT
            VTrip: EITHER
            Slew: FAST
            Input Sync needed: False
            Output Sync needed: False
            SC shield enabled: False
            POR State: ANY
            LCD Mode: COMMON
            Register Mode: RegComb
            CaSense Mode: NEITHER
            Treat as pin: True
            Is OE Registered: False
            Uses Analog: False
            Can contain Digital: True
            Is SIO: False
            SIO Output Buf: NONREGULATED
            SIO Input Buf: SINGLE_ENDED
            SIO HiFreq: LOW
            SIO Hyst: DISABLED
            SIO Vtrip: MULTIPLIER_0_5
            SIO Multiplier Index: 0
            SIO RefSel: VCC_IO
            Required Capabilities: DIGITAL, ROUTABLE
            Initial Value: 1
            IO Voltage: 0
        PORT MAP (
            pa_out => Pin_Freq(0)__PA ,
            pin_input => Net_4 ,
            pad => Pin_Freq(0)_PAD );
        Properties:
        {
        }

    Pin : Name = Pin_1sWindow(0)
        Attributes:
            In Group/Port: True
            In Sync Option: AUTO
            Out Sync Option: NOSYNC
            Interrupt generated: False
            Interrupt mode: NONE
            Drive mode: CMOS_OUT
            VTrip: EITHER
            Slew: FAST
            Input Sync needed: False
            Output Sync needed: False
            SC shield enabled: False
            POR State: ANY
            LCD Mode: COMMON
            Register Mode: RegComb
            CaSense Mode: NEITHER
            Treat as pin: True
            Is OE Registered: False
            Uses Analog: False
            Can contain Digital: True
            Is SIO: False
            SIO Output Buf: NONREGULATED
            SIO Input Buf: SINGLE_ENDED
            SIO HiFreq: LOW
            SIO Hyst: DISABLED
            SIO Vtrip: MULTIPLIER_0_5
            SIO Multiplier Index: 0
            SIO RefSel: VCC_IO
            Required Capabilities: DIGITAL
            Initial Value: 1
            IO Voltage: 0
        PORT MAP (
            pa_out => Pin_1sWindow(0)__PA ,
            pin_input => Net_5 ,
            pad => Pin_1sWindow(0)_PAD );
        Properties:
        {
        }

    Pin : Name = Pin_AIn_p(0)
        Attributes:
            In Group/Port: True
            In Sync Option: AUTO
            Out Sync Option: AUTO
            Interrupt generated: False
            Interrupt mode: NONE
            Drive mode: HI_Z_ANALOG
            VTrip: EITHER
            Slew: FAST
            Input Sync needed: False
            Output Sync needed: False
            SC shield enabled: False
            POR State: ANY
            LCD Mode: COMMON
            Register Mode: RegComb
            CaSense Mode: NEITHER
            Treat as pin: True
            Is OE Registered: False
            Uses Analog: True
            Can contain Digital: False
            Is SIO: False
            SIO Output Buf: NONREGULATED
            SIO Input Buf: SINGLE_ENDED
            SIO HiFreq: LOW
            SIO Hyst: DISABLED
            SIO Vtrip: MULTIPLIER_0_5
            SIO Multiplier Index: 0
            SIO RefSel: VCC_IO
            Required Capabilities: ANALOG
            Initial Value: 1
            IO Voltage: 0
        PORT MAP (
            pa_out => Pin_AIn_p(0)__PA ,
            analog_term => Net_144 ,
            pad => Pin_AIn_p(0)_PAD );
    </CYPRESSTAG>
    <CYPRESSTAG name="Macrocell listing" icon="FILE_RPT_EQUATION">
    </CYPRESSTAG>
    <CYPRESSTAG name="Datapath listing">
    </CYPRESSTAG>
    <CYPRESSTAG name="Status register listing">
    </CYPRESSTAG>
    <CYPRESSTAG name="StatusI register listing">
    </CYPRESSTAG>
    <CYPRESSTAG name="Sync listing">
    </CYPRESSTAG>
    <CYPRESSTAG name="Control register listing">
    </CYPRESSTAG>
    <CYPRESSTAG name="Count7 listing">
    </CYPRESSTAG>
    <CYPRESSTAG name="DRQ listing">
    </CYPRESSTAG>
    <CYPRESSTAG name="Interrupt listing">

    ------------------------------------------------------------
    Interrupt listing
    ------------------------------------------------------------

    interrupt: Name =\ADC_SAR_Seq:IRQ\
        PORT MAP (
            interrupt => \ADC_SAR_Seq:Net_3112\ );
        Properties:
        {
            int_type = "10"
            is_nmi = 0
        }

    interrupt: Name =isr_Counter
        PORT MAP (
            interrupt => Net_6 );
        Properties:
        {
            int_type = "10"
            is_nmi = 0
        }
    </CYPRESSTAG>
</CYPRESSTAG>
<CYPRESSTAG name="Technology mapping summary" expanded>

------------------------------------------------------------
Technology mapping summary
------------------------------------------------------------

Resource Type                 : Used : Free :  Max :  % Used
============================================================
Digital Clocks                :    0 :    4 :    4 :  0.00 %
Interrupts                    :    2 :   30 :   32 :  6.25 %
IO                            :    9 :   29 :   38 : 23.68 %
Segment LCD                   :    0 :    1 :    1 :  0.00 %
CapSense                      :    0 :    1 :    1 :  0.00 %
Die Temp                      :    0 :    1 :    1 :  0.00 %
Serial Communication (SCB)    :    1 :    1 :    2 : 50.00 %
BLE                           :    0 :    1 :    1 :  0.00 %
DMA Channels                  :    0 :    8 :    8 :  0.00 %
Timer/Counter/PWM             :    2 :    2 :    4 : 50.00 %
UDB                           :      :      :      :        
  Macrocells                  :    0 :   32 :   32 :  0.00 %
  Unique P-terms              :    0 :   64 :   64 :  0.00 %
  Total P-terms               :    0 :      :      :        
  Datapath Cells              :    0 :    4 :    4 :  0.00 %
  Status Cells                :    0 :    4 :    4 :  0.00 %
  Control Cells               :    0 :    4 :    4 :  0.00 %
Comparator/Opamp              :    0 :    4 :    4 :  0.00 %
LP Comparator                 :    0 :    2 :    2 :  0.00 %
SAR ADC                       :    1 :    0 :    1 : 100.00 %
DAC                           :      :      :      :        
  7-bit IDAC                  :    0 :    1 :    1 :  0.00 %
  8-bit IDAC                  :    0 :    1 :    1 :  0.00 %
</CYPRESSTAG>
Technology Mapping: Elapsed time ==> 0s.029ms
Tech Mapping phase: Elapsed time ==> 0s.058ms
</CYPRESSTAG>
<CYPRESSTAG name="Analog Placement">
<CYPRESSTAG name="FFB & IO Pre Placement">
<CYPRESSTAG name="Placement" icon="FILE_RPT_PLACEMENT">

Cell                                : Block                              
=========================================================================
\UART:tx(0)\                        : [IOP=(1)][IoId=(5)]                
\UART:rx(0)\                        : [IOP=(1)][IoId=(4)]                
Pin_Freq(0)                         : [IOP=(0)][IoId=(0)]                
Pin_1sWindow(0)                     : [IOP=(0)][IoId=(2)]                
ClockGenBlock                       : CLK_GEN_[FFB(CLK_GEN,0)]           
\ADC_SAR_Seq:cy_psoc4_sar\          : SARADC_[FFB(SARADC,0)]             
\UART:SCB\                          : SCB_[FFB(SCB,0)]                   
\PWM_1sWindow:cy_m0s8_tcpwm_1\      : TCPWM_[FFB(TCPWM,1)]               
\FrequencyCounter:cy_m0s8_tcpwm_1\  : TCPWM_[FFB(TCPWM,0)]               
Pin_AIn_p(0)                        : [IOP=(3)][IoId=(0)]                

</CYPRESSTAG>
</CYPRESSTAG>
<CYPRESSTAG name="Real Analog Placement">
Elapsed time ==> 0.1639812s
</CYPRESSTAG>
Analog Placement phase: Elapsed time ==> 0s.386ms
</CYPRESSTAG>
<CYPRESSTAG name="Analog Routing">
<CYPRESSTAG name="Analog Routing">
Route success=True, Iterations=1 Elapsed=0.0238903 secs
</CYPRESSTAG>
Analog Routing phase: Elapsed time ==> 0s.024ms
</CYPRESSTAG>
<CYPRESSTAG name="Analog Code Generation">
============ Analog Final Answer Routes ============
Dump of CyAnalogRoutingResultsDB
Map of net to items {
  Net: Net_144 {
    PASS0_sarmux_vplus
    PASS0_SARMUX0_sw1
    p3_1
  }
  Net: \ADC_SAR_Seq:Net_3113\ {
  }
  Net: \ADC_SAR_Seq:Net_3227\ {
  }
  Net: \ADC_SAR_Seq:mux_bus_minus_0\ {
  }
  Net: \ADC_SAR_Seq:mux_bus_minus_1\ {
  }
  Net: \ADC_SAR_Seq:mux_bus_plus_1\ {
  }
}
Map of item to net {
  PASS0_sarmux_vplus                               -> Net_144
  PASS0_SARMUX0_sw1                                -> Net_144
  p3_1                                             -> Net_144
}
Mux Info {
}
Analog Code Generation phase: Elapsed time ==> 0s.027ms
</CYPRESSTAG>
<CYPRESSTAG name="Digital Placement">
<CYPRESSTAG name="Detailed placement messages">
I2659: No Constrained paths were found. The placer will run in non-timing driven mode.
I2076: Total run-time: 0.3 sec.

</CYPRESSTAG>
<CYPRESSTAG name="PLD Packing">
<CYPRESSTAG name="PLD Packing Summary">
No PLDs were packed.
</CYPRESSTAG>
PLD Packing: Elapsed time ==> 0s.001ms
</CYPRESSTAG>
<CYPRESSTAG name="Partitioning">
<CYPRESSTAG name="Initial Partitioning Summary">
Initial Partitioning Summary not displayed at this verbose level.</CYPRESSTAG>
<CYPRESSTAG name="Final Partitioning Summary">
Final Partitioning Summary not displayed at this verbose level.</CYPRESSTAG>
Partitioning: Elapsed time ==> 0s.010ms
</CYPRESSTAG>
<CYPRESSTAG name="Final Placement Summary">

------------------------------------------------------------
Final Placement Summary
------------------------------------------------------------

       Resource Type :      Count : Avg Inputs : Avg Outputs
    ========================================================
                 UDB :          0 :       0.00 :       0.00
<CYPRESSTAG name="Final Placement Details">
<CYPRESSTAG name="Component Details">

------------------------------------------------------------
Component Placement Details
------------------------------------------------------------
UDB [UDB=(0,0)] is empty.
UDB [UDB=(0,1)] is empty.
UDB [UDB=(1,0)] is empty.
UDB [UDB=(1,1)] is empty.
Intr container @ [IntrContainer=(0)]: 
  Intr@ [IntrContainer=(0)][IntrId=(15)] 
    interrupt: Name =\ADC_SAR_Seq:IRQ\
        PORT MAP (
            interrupt => \ADC_SAR_Seq:Net_3112\ );
        Properties:
        {
            int_type = "10"
            is_nmi = 0
        }
  Intr@ [IntrContainer=(0)][IntrId=(17)] 
    interrupt: Name =isr_Counter
        PORT MAP (
            interrupt => Net_6 );
        Properties:
        {
            int_type = "10"
            is_nmi = 0
        }
Drq container @ [DrqContainer=(0)]: empty
Port 0 contains the following IO cells:
[IoId=0]: 
Pin : Name = Pin_Freq(0)
    Attributes:
        In Group/Port: True
        In Sync Option: AUTO
        Out Sync Option: NOSYNC
        Interrupt generated: False
        Interrupt mode: NONE
        Drive mode: CMOS_OUT
        VTrip: EITHER
        Slew: FAST
        Input Sync needed: False
        Output Sync needed: False
        SC shield enabled: False
        POR State: ANY
        LCD Mode: COMMON
        Register Mode: RegComb
        CaSense Mode: NEITHER
        Treat as pin: True
        Is OE Registered: False
        Uses Analog: False
        Can contain Digital: True
        Is SIO: False
        SIO Output Buf: NONREGULATED
        SIO Input Buf: SINGLE_ENDED
        SIO HiFreq: LOW
        SIO Hyst: DISABLED
        SIO Vtrip: MULTIPLIER_0_5
        SIO Multiplier Index: 0
        SIO RefSel: VCC_IO
        Required Capabilities: DIGITAL, ROUTABLE
        Initial Value: 1
        IO Voltage: 0
    PORT MAP (
        pa_out => Pin_Freq(0)__PA ,
        pin_input => Net_4 ,
        pad => Pin_Freq(0)_PAD );
    Properties:
    {
    }

[IoId=2]: 
Pin : Name = Pin_1sWindow(0)
    Attributes:
        In Group/Port: True
        In Sync Option: AUTO
        Out Sync Option: NOSYNC
        Interrupt generated: False
        Interrupt mode: NONE
        Drive mode: CMOS_OUT
        VTrip: EITHER
        Slew: FAST
        Input Sync needed: False
        Output Sync needed: False
        SC shield enabled: False
        POR State: ANY
        LCD Mode: COMMON
        Register Mode: RegComb
        CaSense Mode: NEITHER
        Treat as pin: True
        Is OE Registered: False
        Uses Analog: False
        Can contain Digital: True
        Is SIO: False
        SIO Output Buf: NONREGULATED
        SIO Input Buf: SINGLE_ENDED
        SIO HiFreq: LOW
        SIO Hyst: DISABLED
        SIO Vtrip: MULTIPLIER_0_5
        SIO Multiplier Index: 0
        SIO RefSel: VCC_IO
        Required Capabilities: DIGITAL
        Initial Value: 1
        IO Voltage: 0
    PORT MAP (
        pa_out => Pin_1sWindow(0)__PA ,
        pin_input => Net_5 ,
        pad => Pin_1sWindow(0)_PAD );
    Properties:
    {
    }

Port 1 contains the following IO cells:
[IoId=4]: 
Pin : Name = \UART:rx(0)\
    Attributes:
        In Group/Port: True
        In Sync Option: NOSYNC
        Out Sync Option: AUTO
        Interrupt generated: False
        Interrupt mode: NONE
        Drive mode: HI_Z_DIGITAL
        VTrip: CMOS
        Slew: FAST
        Input Sync needed: False
        Output Sync needed: False
        SC shield enabled: False
        POR State: ANY
        LCD Mode: COMMON
        Register Mode: RegComb
        CaSense Mode: NEITHER
        Treat as pin: True
        Is OE Registered: False
        Uses Analog: False
        Can contain Digital: True
        Is SIO: False
        SIO Output Buf: NONREGULATED
        SIO Input Buf: SINGLE_ENDED
        SIO HiFreq: LOW
        SIO Hyst: DISABLED
        SIO Vtrip: MULTIPLIER_0_5
        SIO Multiplier Index: 0
        SIO RefSel: VCC_IO
        Required Capabilities: DIGITAL
        Initial Value: 0
        IO Voltage: 0
    PORT MAP (
        pa_out => \UART:rx(0)\__PA ,
        fb => \UART:rx_wire\ ,
        pad => \UART:rx(0)_PAD\ );
    Properties:
    {
    }

[IoId=5]: 
Pin : Name = \UART:tx(0)\
    Attributes:
        In Group/Port: True
        In Sync Option: NOSYNC
        Out Sync Option: NOSYNC
        Interrupt generated: False
        Interrupt mode: NONE
        Drive mode: CMOS_OUT
        VTrip: CMOS
        Slew: FAST
        Input Sync needed: False
        Output Sync needed: False
        SC shield enabled: False
        POR State: ANY
        LCD Mode: COMMON
        Register Mode: RegComb
        CaSense Mode: NEITHER
        Treat as pin: True
        Is OE Registered: False
        Uses Analog: False
        Can contain Digital: True
        Is SIO: False
        SIO Output Buf: NONREGULATED
        SIO Input Buf: SINGLE_ENDED
        SIO HiFreq: LOW
        SIO Hyst: DISABLED
        SIO Vtrip: MULTIPLIER_0_5
        SIO Multiplier Index: 0
        SIO RefSel: VCC_IO
        Required Capabilities: DIGITAL
        Initial Value: 1
        IO Voltage: 0
    PORT MAP (
        pa_out => \UART:tx(0)\__PA ,
        pin_input => \UART:tx_wire\ ,
        pad => \UART:tx(0)_PAD\ );
    Properties:
    {
    }

Port 2 contains the following IO cells:
Port 3 contains the following IO cells:
[IoId=1]: 
Pin : Name = Pin_AIn_p(0)
    Attributes:
        In Group/Port: True
        In Sync Option: AUTO
        Out Sync Option: AUTO
        Interrupt generated: False
        Interrupt mode: NONE
        Drive mode: HI_Z_ANALOG
        VTrip: EITHER
        Slew: FAST
        Input Sync needed: False
        Output Sync needed: False
        SC shield enabled: False
        POR State: ANY
        LCD Mode: COMMON
        Register Mode: RegComb
        CaSense Mode: NEITHER
        Treat as pin: True
        Is OE Registered: False
        Uses Analog: True
        Can contain Digital: False
        Is SIO: False
        SIO Output Buf: NONREGULATED
        SIO Input Buf: SINGLE_ENDED
        SIO HiFreq: LOW
        SIO Hyst: DISABLED
        SIO Vtrip: MULTIPLIER_0_5
        SIO Multiplier Index: 0
        SIO RefSel: VCC_IO
        Required Capabilities: ANALOG
        Initial Value: 1
        IO Voltage: 0
    PORT MAP (
        pa_out => Pin_AIn_p(0)__PA ,
        analog_term => Net_144 ,
        pad => Pin_AIn_p(0)_PAD );
    Properties:
    {
    }

Port 4 contains the following IO cells:
Port 5 contains the following IO cells:
Port 6 contains the following IO cells:
ARM group 0: empty
Clock group 0: 
    Clock Block @ F(Clock,0): 
    m0s8clockblockcell: Name =ClockBlock
        PORT MAP (
            hfclk => ClockBlock_HFClk ,
            imo => ClockBlock_IMO ,
            ext => ClockBlock_ExtClk ,
            sysclk => ClockBlock_SysClk ,
            eco => ClockBlock_ECO ,
            ilo => ClockBlock_ILO ,
            lfclk => ClockBlock_LFClk ,
            wco => ClockBlock_WCO ,
            dsi_in_0 => ClockBlock_Routed1 ,
            ff_div_7 => Net_12_ff7 ,
            ff_div_1 => \UART:Net_847_ff1\ ,
            ff_div_6 => \ADC_SAR_Seq:Net_1845_ff6\ ,
            ff_div_8 => Net_24_ff8 );
        Properties:
        {
        }
LCD group 0: empty
PICU group 0: empty
LPCOMP group 0: empty
SCB group 0: 
    SCB Block @ F(SCB,0): 
    m0s8scbcell: Name =\UART:SCB\
        PORT MAP (
            clock => \UART:Net_847_ff1\ ,
            interrupt => Net_92 ,
            uart_rx => \UART:rx_wire\ ,
            uart_tx => \UART:tx_wire\ ,
            uart_rts => \UART:rts_wire\ ,
            mosi_m => \UART:mosi_m_wire\ ,
            select_m_3 => \UART:select_m_wire_3\ ,
            select_m_2 => \UART:select_m_wire_2\ ,
            select_m_1 => \UART:select_m_wire_1\ ,
            select_m_0 => \UART:select_m_wire_0\ ,
            sclk_m => \UART:sclk_m_wire\ ,
            miso_s => \UART:miso_s_wire\ ,
            tr_tx_req => Net_95 ,
            tr_rx_req => Net_94 );
        Properties:
        {
            cy_registers = ""
            scb_mode = 2
        }
CSD group 0: empty
CSIDAC8 group 0: empty
CSIDAC7 group 0: empty
TCPWM group 0: 
    Tcpwm Block @ F(TCPWM,0): 
    m0s8tcpwmcell: Name =\FrequencyCounter:cy_m0s8_tcpwm_1\
        PORT MAP (
            clock => Net_12_ff7 ,
            capture => Net_5 ,
            count => Net_4 ,
            reload => zero ,
            stop => zero ,
            start => zero ,
            tr_underflow => Net_86 ,
            tr_overflow => Net_85 ,
            tr_compare_match => Net_87 ,
            line => Net_88 ,
            line_compl => Net_89 ,
            interrupt => Net_6 );
        Properties:
        {
            cy_registers = ""
        }
    Tcpwm Block @ F(TCPWM,1): 
    m0s8tcpwmcell: Name =\PWM_1sWindow:cy_m0s8_tcpwm_1\
        PORT MAP (
            clock => Net_24_ff8 ,
            capture => zero ,
            count => one ,
            reload => zero ,
            stop => zero ,
            start => zero ,
            tr_underflow => Net_20 ,
            tr_overflow => Net_19 ,
            tr_compare_match => Net_21 ,
            line => Net_5 ,
            line_compl => Net_23 ,
            interrupt => Net_18 );
        Properties:
        {
            cy_registers = ""
        }
OA group 0: empty
TEMP group 0: empty
SARADC group 0: 
    SAR ADC @ F(SARADC,0): 
    p4sarcell: Name =\ADC_SAR_Seq:cy_psoc4_sar\
        PORT MAP (
            vplus => Net_144 ,
            vminus => \ADC_SAR_Seq:mux_bus_minus_0\ ,
            vref => \ADC_SAR_Seq:Net_3113\ ,
            ext_vref => \ADC_SAR_Seq:Net_3227\ ,
            clock => \ADC_SAR_Seq:Net_1845_ff6\ ,
            sample_done => Net_164 ,
            chan_id_valid => \ADC_SAR_Seq:Net_3108\ ,
            chan_id_3 => \ADC_SAR_Seq:Net_3109_3\ ,
            chan_id_2 => \ADC_SAR_Seq:Net_3109_2\ ,
            chan_id_1 => \ADC_SAR_Seq:Net_3109_1\ ,
            chan_id_0 => \ADC_SAR_Seq:Net_3109_0\ ,
            data_valid => \ADC_SAR_Seq:Net_3110\ ,
            data_11 => \ADC_SAR_Seq:Net_3111_11\ ,
            data_10 => \ADC_SAR_Seq:Net_3111_10\ ,
            data_9 => \ADC_SAR_Seq:Net_3111_9\ ,
            data_8 => \ADC_SAR_Seq:Net_3111_8\ ,
            data_7 => \ADC_SAR_Seq:Net_3111_7\ ,
            data_6 => \ADC_SAR_Seq:Net_3111_6\ ,
            data_5 => \ADC_SAR_Seq:Net_3111_5\ ,
            data_4 => \ADC_SAR_Seq:Net_3111_4\ ,
            data_3 => \ADC_SAR_Seq:Net_3111_3\ ,
            data_2 => \ADC_SAR_Seq:Net_3111_2\ ,
            data_1 => \ADC_SAR_Seq:Net_3111_1\ ,
            data_0 => \ADC_SAR_Seq:Net_3111_0\ ,
            tr_sar_out => Net_4 ,
            irq => \ADC_SAR_Seq:Net_3112\ );
        Properties:
        {
            cy_registers = ""
        }
CLK_GEN group 0: 
    M0S8 Clock Gen Block @ F(CLK_GEN,0): 
    m0s8clockgenblockcell: Name =ClockGenBlock
        PORT MAP (
             );
        Properties:
        {
        }
LPCOMPBLOCK group 0: empty
PASSBLOCK group 0: empty
BLE group 0: empty
WCO group 0: empty
SRSS group 0: empty
CPUSS group 0: empty
IOSS group 0: empty
EXCO group 0: empty
</CYPRESSTAG>
<CYPRESSTAG name="Port Configuration Details">

------------------------------------------------------------
Port Configuration report
------------------------------------------------------------
     |     |       | Interrupt |                  |                 | 
Port | Pin | Fixed |      Type |       Drive Mode |            Name | Connections
-----+-----+-------+-----------+------------------+-----------------+-------------------
   0 |   0 |     * |      NONE |         CMOS_OUT |     Pin_Freq(0) | In(Net_4)
     |   2 |     * |      NONE |         CMOS_OUT | Pin_1sWindow(0) | In(Net_5)
-----+-----+-------+-----------+------------------+-----------------+-------------------
   1 |   4 |     * |      NONE |     HI_Z_DIGITAL |    \UART:rx(0)\ | FB(\UART:rx_wire\)
     |   5 |     * |      NONE |         CMOS_OUT |    \UART:tx(0)\ | In(\UART:tx_wire\)
-----+-----+-------+-----------+------------------+-----------------+-------------------
   3 |   1 |       |      NONE |      HI_Z_ANALOG |    Pin_AIn_p(0) | Analog(Net_144)
----------------------------------------------------------------------------------------
</CYPRESSTAG>
</CYPRESSTAG>
</CYPRESSTAG>
Digital component placer commit/Report: Elapsed time ==> 0s.014ms
Digital Placement phase: Elapsed time ==> 0s.608ms
</CYPRESSTAG>
<CYPRESSTAG name="Digital Routing">
"C:\Program Files (x86)\Cypress\PSoC Creator\4.2\PSoC Creator\bin/sjrouter.exe" --xml-path "C:\Program Files (x86)\Cypress\PSoC Creator\4.2\PSoC Creator\dev\psoc4/3/256dma/route_arch-rrg.cydata" --vh2-path "Design02_mine_r.vh2" --pcf-path "Design02_mine.pco" --des-name "Design02_mine" --dsf-path "Design02_mine.dsf" --sdc-path "Design02_mine.sdc" --lib-path "Design02_mine_r.lib"
Routing successful.
Digital Routing phase: Elapsed time ==> 0s.671ms
</CYPRESSTAG>
<CYPRESSTAG name="Bitstream Generation">
Bitstream Generation phase: Elapsed time ==> 0s.253ms
</CYPRESSTAG>
<CYPRESSTAG name="Bitstream Verification">
Bitstream Verification phase: Elapsed time ==> 0s.032ms
</CYPRESSTAG>
<CYPRESSTAG name="Static timing analysis">
Timing report is in Design02_mine_timing.html.
Static timing analysis phase: Elapsed time ==> 0s.241ms
</CYPRESSTAG>
<CYPRESSTAG name="Data reporting">
Data reporting phase: Elapsed time ==> 0s.159ms
</CYPRESSTAG>
<CYPRESSTAG name="Database update...">
Design database save phase: Elapsed time ==> 0s.187ms
</CYPRESSTAG>
cydsfit: Elapsed time ==> 2s.725ms
</CYPRESSTAG>
Fitter phase: Elapsed time ==> 2s.727ms
API generation phase: Elapsed time ==> 2s.410ms
Dependency generation phase: Elapsed time ==> 0s.035ms
Cleanup phase: Elapsed time ==> 0s.001ms
